<?xml version="1.0" encoding="UTF-8"?>
<!-- Generated by org.testng.reporters.JUnitXMLReporter -->
<testsuite hostname="bayon" ignored="0" name="PageObjectModelTest" tests="1" failures="1" timestamp="2019-10-12T19:11:06 MESZ" time="52.168" errors="0">
  <testcase name="BestellHeaderTest" time="0.14" classname="com.qa.test.BestellPageTest">
    <failure type="java.lang.AssertionError" message="This is not the correct title expected [Bestselle] but found [Bestseller]">
      <![CDATA[java.lang.AssertionError: This is not the correct title expected [Bestselle] but found [Bestseller]
at com.qa.test.BestellPageTest.BestellHeaderTest(BestellPageTest.java:28)
at java.util.ArrayList.forEach(Unknown Source)
... Removed 31 stack frames]]>
    </failure>
  </testcase> <!-- BestellHeaderTest -->
</testsuite> <!-- PageObjectModelTest -->
