<?xml version="1.0" encoding="UTF-8"?>
<testng-results skipped="0" failed="1" ignored="0" total="1" passed="0">
  <reporter-output>
  </reporter-output>
  <suite name="PageObjectModelSuite" duration-ms="52168" started-at="2019-10-12T19:10:12 MESZ" finished-at="2019-10-12T19:11:04 MESZ">
    <groups>
    </groups>
    <test name="PageObjectModelTest" duration-ms="52168" started-at="2019-10-12T19:10:12 MESZ" finished-at="2019-10-12T19:11:04 MESZ">
      <class name="com.qa.test.BestellPageTest">
        <test-method status="PASS" signature="setUp()[pri:0, instance:com.qa.test.BestellPageTest@70beb599]" name="setUp" is-config="true" duration-ms="33320" started-at="2019-10-12T19:10:12 MESZ" finished-at="2019-10-12T19:10:45 MESZ">
          <reporter-output>
          </reporter-output>
        </test-method> <!-- setUp -->
        <test-method status="FAIL" signature="BestellHeaderTest()[pri:0, instance:com.qa.test.BestellPageTest@70beb599]" name="BestellHeaderTest" duration-ms="140" started-at="2019-10-12T19:10:45 MESZ" finished-at="2019-10-12T19:10:45 MESZ">
          <exception class="java.lang.AssertionError">
            <message>
              <![CDATA[This is not the correct title expected [Bestselle] but found [Bestseller]]]>
            </message>
            <full-stacktrace>
              <![CDATA[java.lang.AssertionError: This is not the correct title expected [Bestselle] but found [Bestseller]
at org.testng.Assert.fail(Assert.java:97)
at org.testng.Assert.assertEqualsImpl(Assert.java:136)
at org.testng.Assert.assertEquals(Assert.java:118)
at org.testng.Assert.assertEquals(Assert.java:575)
at com.qa.test.BestellPageTest.BestellHeaderTest(BestellPageTest.java:28)
at sun.reflect.NativeMethodAccessorImpl.invoke0(Native Method)
at sun.reflect.NativeMethodAccessorImpl.invoke(Unknown Source)
at sun.reflect.DelegatingMethodAccessorImpl.invoke(Unknown Source)
at java.lang.reflect.Method.invoke(Unknown Source)
at org.testng.internal.MethodInvocationHelper.invokeMethod(MethodInvocationHelper.java:133)
at org.testng.internal.TestInvoker.invokeMethod(TestInvoker.java:584)
at org.testng.internal.TestInvoker.invokeTestMethod(TestInvoker.java:172)
at org.testng.internal.MethodRunner.runInSequence(MethodRunner.java:46)
at org.testng.internal.TestInvoker$MethodInvocationAgent.invoke(TestInvoker.java:804)
at org.testng.internal.TestInvoker.invokeTestMethods(TestInvoker.java:145)
at org.testng.internal.TestMethodWorker.invokeTestMethods(TestMethodWorker.java:146)
at org.testng.internal.TestMethodWorker.run(TestMethodWorker.java:128)
at java.util.ArrayList.forEach(Unknown Source)
at org.testng.TestRunner.privateRun(TestRunner.java:770)
at org.testng.TestRunner.run(TestRunner.java:591)
at org.testng.SuiteRunner.runTest(SuiteRunner.java:402)
at org.testng.SuiteRunner.runSequentially(SuiteRunner.java:396)
at org.testng.SuiteRunner.privateRun(SuiteRunner.java:355)
at org.testng.SuiteRunner.run(SuiteRunner.java:304)
at org.testng.SuiteRunnerWorker.runSuite(SuiteRunnerWorker.java:53)
at org.testng.SuiteRunnerWorker.run(SuiteRunnerWorker.java:96)
at org.testng.TestNG.runSuitesSequentially(TestNG.java:1180)
at org.testng.TestNG.runSuitesLocally(TestNG.java:1102)
at org.testng.TestNG.runSuites(TestNG.java:1032)
at org.testng.TestNG.run(TestNG.java:1000)
at org.testng.remote.AbstractRemoteTestNG.run(AbstractRemoteTestNG.java:115)
at org.testng.remote.RemoteTestNG.initAndRun(RemoteTestNG.java:251)
at org.testng.remote.RemoteTestNG.main(RemoteTestNG.java:77)
]]>
            </full-stacktrace>
          </exception> <!-- java.lang.AssertionError -->
          <reporter-output>
          </reporter-output>
        </test-method> <!-- BestellHeaderTest -->
        <test-method status="PASS" signature="TearDown()[pri:0, instance:com.qa.test.BestellPageTest@70beb599]" name="TearDown" is-config="true" duration-ms="11757" started-at="2019-10-12T19:10:52 MESZ" finished-at="2019-10-12T19:11:04 MESZ">
          <reporter-output>
          </reporter-output>
        </test-method> <!-- TearDown -->
      </class> <!-- com.qa.test.BestellPageTest -->
    </test> <!-- PageObjectModelTest -->
  </suite> <!-- PageObjectModelSuite -->
</testng-results>
